This is pdfTeX, Version 3.14159265-2.6-1.40.18 (TeX Live 2017/Debian) (preloaded format=pdflatex 2018.1.12)  21 JUL 2018 02:38
entering extended mode
 restricted \write18 enabled.
 %&-line parsing enabled.
**Ubuntu-server-1804.tex
(./Ubuntu-server-1804.tex
LaTeX2e <2017-04-15>
Babel <3.12> and hyphenation patterns for 84 language(s) loaded.
(/usr/share/texlive/texmf-dist/tex/latex/koma-script/scrartcl.cls
Document Class: scrartcl 2017/04/13 v3.23 KOMA-Script document class (article)
(/usr/share/texlive/texmf-dist/tex/latex/koma-script/scrkbase.sty
Package: scrkbase 2017/04/13 v3.23 KOMA-Script package (KOMA-Script-dependent b
asics and keyval usage)

(/usr/share/texlive/texmf-dist/tex/latex/koma-script/scrbase.sty
Package: scrbase 2017/04/13 v3.23 KOMA-Script package (KOMA-Script-independent 
basics and keyval usage)

(/usr/share/texlive/texmf-dist/tex/latex/graphics/keyval.sty
Package: keyval 2014/10/28 v1.15 key=value parser (DPC)
\KV@toks@=\toks14
)
(/usr/share/texlive/texmf-dist/tex/latex/koma-script/scrlfile.sty
Package: scrlfile 2017/04/13 v3.23 KOMA-Script package (loading files)

Package scrlfile, 2017/04/13 v3.23 KOMA-Script package (loading files)
                  Copyright (C) Markus Kohm

))) (/usr/share/texlive/texmf-dist/tex/latex/koma-script/tocbasic.sty
Package: tocbasic 2017/04/13 v3.23 KOMA-Script package (handling toc-files)
\scr@dte@tocline@numberwidth=\skip41
\scr@dte@tocline@numbox=\box26
)
Package tocbasic Info: omitting babel extension for `toc'
(tocbasic)             because of feature `nobabel' available
(tocbasic)             for `toc' on input line 131.
Package tocbasic Info: omitting babel extension for `lof'
(tocbasic)             because of feature `nobabel' available
(tocbasic)             for `lof' on input line 133.
Package tocbasic Info: omitting babel extension for `lot'
(tocbasic)             because of feature `nobabel' available
(tocbasic)             for `lot' on input line 134.
Package scrartcl Info: You've used standard option `12pt'.
(scrartcl)             This is correct!
(scrartcl)             Internally I'm using `fontsize=12pt'.
(scrartcl)             If you'd like to set the option with \KOMAoptions,
(scrartcl)             you'd have to use `fontsize=12pt' there
(scrartcl)             instead of `12pt', too.
Class scrartcl Info: File `scrsize12pt.clo' used to setup font sizes on input l
ine 2059.

(/usr/share/texlive/texmf-dist/tex/latex/koma-script/scrsize12pt.clo
File: scrsize12pt.clo 2017/04/13 v3.23 KOMA-Script font size class option (12pt
)
)
(/usr/share/texlive/texmf-dist/tex/latex/koma-script/typearea.sty
Package: typearea 2017/04/13 v3.23 KOMA-Script package (type area)
\ta@bcor=\skip42
\ta@div=\count79
\ta@hblk=\skip43
\ta@vblk=\skip44
\ta@temp=\skip45
\footheight=\skip46
Package typearea Info: These are the values describing the layout:
(typearea)             DIV  = 12
(typearea)             BCOR = 0.0pt
(typearea)             \paperwidth      = 597.50793pt
(typearea)              \textwidth      = 448.13095pt
(typearea)              DIV departure   = -6%
(typearea)              \evensidemargin = 2.4185pt
(typearea)              \oddsidemargin  = 2.4185pt
(typearea)             \paperheight     = 845.04694pt
(typearea)              \textheight     = 635.5pt
(typearea)              \topmargin      = -41.72441pt
(typearea)              \headheight     = 18.125pt
(typearea)              \headsep        = 21.75pt
(typearea)              \topskip        = 12.0pt
(typearea)              \footskip       = 50.75pt
(typearea)              \baselineskip   = 14.5pt
(typearea)              on input line 1647.
)
\c@part=\count80
\c@section=\count81
\c@subsection=\count82
\c@subsubsection=\count83
\c@paragraph=\count84
\c@subparagraph=\count85
\scr@dte@part@maxnumwidth=\skip47
\scr@dte@section@maxnumwidth=\skip48
\scr@dte@subsection@maxnumwidth=\skip49
\scr@dte@subsubsection@maxnumwidth=\skip50
\scr@dte@paragraph@maxnumwidth=\skip51
\scr@dte@subparagraph@maxnumwidth=\skip52
LaTeX Info: Redefining \textsubscript on input line 4094.
\abovecaptionskip=\skip53
\belowcaptionskip=\skip54
\c@pti@nb@sid@b@x=\box27
\c@figure=\count86
\c@table=\count87
Class scrartcl Info: Redefining `\numberline' on input line 5233.
\bibindent=\dimen102
)
(/usr/share/texlive/texmf-dist/tex/latex/graphics/graphicx.sty
Package: graphicx 2017/06/01 v1.1a Enhanced LaTeX Graphics (DPC,SPQR)

(/usr/share/texlive/texmf-dist/tex/latex/graphics/graphics.sty
Package: graphics 2017/06/25 v1.2c Standard LaTeX Graphics (DPC,SPQR)

(/usr/share/texlive/texmf-dist/tex/latex/graphics/trig.sty
Package: trig 2016/01/03 v1.10 sin cos tan (DPC)
)
(/usr/share/texlive/texmf-dist/tex/latex/graphics-cfg/graphics.cfg
File: graphics.cfg 2016/06/04 v1.11 sample graphics configuration
)
Package graphics Info: Driver file: pdftex.def on input line 99.

(/usr/share/texlive/texmf-dist/tex/latex/graphics-def/pdftex.def
File: pdftex.def 2017/06/24 v1.0g Graphics/color driver for pdftex
))
\Gin@req@height=\dimen103
\Gin@req@width=\dimen104
)
(/usr/share/texlive/texmf-dist/tex/latex/hyperref/hyperref.sty
Package: hyperref 2017/03/14 v6.85a Hypertext links for LaTeX

(/usr/share/texlive/texmf-dist/tex/generic/oberdiek/hobsub-hyperref.sty
Package: hobsub-hyperref 2016/05/16 v1.14 Bundle oberdiek, subset hyperref (HO)


(/usr/share/texlive/texmf-dist/tex/generic/oberdiek/hobsub-generic.sty
Package: hobsub-generic 2016/05/16 v1.14 Bundle oberdiek, subset generic (HO)
Package: hobsub 2016/05/16 v1.14 Construct package bundles (HO)
Package: infwarerr 2016/05/16 v1.4 Providing info/warning/error messages (HO)
Package: ltxcmds 2016/05/16 v1.23 LaTeX kernel commands for general use (HO)
Package: ifluatex 2016/05/16 v1.4 Provides the ifluatex switch (HO)
Package ifluatex Info: LuaTeX not detected.
Package: ifvtex 2016/05/16 v1.6 Detect VTeX and its facilities (HO)
Package ifvtex Info: VTeX not detected.
Package: intcalc 2016/05/16 v1.2 Expandable calculations with integers (HO)
Package: ifpdf 2017/03/15 v3.2 Provides the ifpdf switch
Package: etexcmds 2016/05/16 v1.6 Avoid name clashes with e-TeX commands (HO)
Package etexcmds Info: Could not find \expanded.
(etexcmds)             That can mean that you are not using pdfTeX 1.50 or
(etexcmds)             that some package has redefined \expanded.
(etexcmds)             In the latter case, load this package earlier.
Package: kvsetkeys 2016/05/16 v1.17 Key value parser (HO)
Package: kvdefinekeys 2016/05/16 v1.4 Define keys (HO)
Package: pdftexcmds 2017/03/19 v0.25 Utility functions of pdfTeX for LuaTeX (HO
)
Package pdftexcmds Info: LuaTeX not detected.
Package pdftexcmds Info: \pdf@primitive is available.
Package pdftexcmds Info: \pdf@ifprimitive is available.
Package pdftexcmds Info: \pdfdraftmode found.
Package: pdfescape 2016/05/16 v1.14 Implements pdfTeX's escape features (HO)
Package: bigintcalc 2016/05/16 v1.4 Expandable calculations on big integers (HO
)
Package: bitset 2016/05/16 v1.2 Handle bit-vector datatype (HO)
Package: uniquecounter 2016/05/16 v1.3 Provide unlimited unique counter (HO)
)
Package hobsub Info: Skipping package `hobsub' (already loaded).
Package: letltxmacro 2016/05/16 v1.5 Let assignment for LaTeX macros (HO)
Package: hopatch 2016/05/16 v1.3 Wrapper for package hooks (HO)
Package: xcolor-patch 2016/05/16 xcolor patch
Package: atveryend 2016/05/16 v1.9 Hooks at the very end of document (HO)
Package atveryend Info: \enddocument detected (standard20110627).
Package: atbegshi 2016/06/09 v1.18 At begin shipout hook (HO)
Package: refcount 2016/05/16 v3.5 Data extraction from label references (HO)
Package: hycolor 2016/05/16 v1.8 Color options for hyperref/bookmark (HO)
)
(/usr/share/texlive/texmf-dist/tex/generic/ifxetex/ifxetex.sty
Package: ifxetex 2010/09/12 v0.6 Provides ifxetex conditional
)
(/usr/share/texlive/texmf-dist/tex/latex/oberdiek/auxhook.sty
Package: auxhook 2016/05/16 v1.4 Hooks for auxiliary files (HO)
)
(/usr/share/texlive/texmf-dist/tex/latex/oberdiek/kvoptions.sty
Package: kvoptions 2016/05/16 v3.12 Key value format for package options (HO)
)
\@linkdim=\dimen105
\Hy@linkcounter=\count88
\Hy@pagecounter=\count89

(/usr/share/texlive/texmf-dist/tex/latex/hyperref/pd1enc.def
File: pd1enc.def 2017/03/14 v6.85a Hyperref: PDFDocEncoding definition (HO)
)
\Hy@SavedSpaceFactor=\count90

(/usr/share/texlive/texmf-dist/tex/latex/latexconfig/hyperref.cfg
File: hyperref.cfg 2002/06/06 v1.2 hyperref configuration of TeXLive
)
Package hyperref Info: Hyper figures OFF on input line 4498.
Package hyperref Info: Link nesting OFF on input line 4503.
Package hyperref Info: Hyper index ON on input line 4506.
Package hyperref Info: Plain pages OFF on input line 4513.
Package hyperref Info: Backreferencing OFF on input line 4518.
Package hyperref Info: Implicit mode ON; LaTeX internals redefined.
Package hyperref Info: Bookmarks ON on input line 4751.
\c@Hy@tempcnt=\count91

(/usr/share/texlive/texmf-dist/tex/latex/url/url.sty
\Urlmuskip=\muskip10
Package: url 2013/09/16  ver 3.4  Verb mode for urls, etc.
)
LaTeX Info: Redefining \url on input line 5104.
\XeTeXLinkMargin=\dimen106
\Fld@menulength=\count92
\Field@Width=\dimen107
\Fld@charsize=\dimen108
Package hyperref Info: Hyper figures OFF on input line 6358.
Package hyperref Info: Link nesting OFF on input line 6363.
Package hyperref Info: Hyper index ON on input line 6366.
Package hyperref Info: backreferencing OFF on input line 6373.
Package hyperref Info: Link coloring OFF on input line 6378.
Package hyperref Info: Link coloring with OCG OFF on input line 6383.
Package hyperref Info: PDF/A mode OFF on input line 6388.
LaTeX Info: Redefining \ref on input line 6428.
LaTeX Info: Redefining \pageref on input line 6432.
\Hy@abspage=\count93
\c@Item=\count94
\c@Hfootnote=\count95
)

Package hyperref Message: Driver (autodetected): hpdftex.

(/usr/share/texlive/texmf-dist/tex/latex/hyperref/hpdftex.def
File: hpdftex.def 2017/03/14 v6.85a Hyperref driver for pdfTeX
\Fld@listcount=\count96
\c@bookmark@seq@number=\count97

(/usr/share/texlive/texmf-dist/tex/latex/oberdiek/rerunfilecheck.sty
Package: rerunfilecheck 2016/05/16 v1.8 Rerun checks for auxiliary files (HO)
Package uniquecounter Info: New unique counter `rerunfilecheck' on input line 2
82.
)
\Hy@SectionHShift=\skip55
)
Package hyperref Info: Option `colorlinks' set `true' on input line 14.

(./Ubuntu-server-1804.aux)
\openout1 = `Ubuntu-server-1804.aux'.

LaTeX Font Info:    Checking defaults for OML/cmm/m/it on input line 21.
LaTeX Font Info:    ... okay on input line 21.
LaTeX Font Info:    Checking defaults for T1/cmr/m/n on input line 21.
LaTeX Font Info:    ... okay on input line 21.
LaTeX Font Info:    Checking defaults for OT1/cmr/m/n on input line 21.
LaTeX Font Info:    ... okay on input line 21.
LaTeX Font Info:    Checking defaults for OMS/cmsy/m/n on input line 21.
LaTeX Font Info:    ... okay on input line 21.
LaTeX Font Info:    Checking defaults for OMX/cmex/m/n on input line 21.
LaTeX Font Info:    ... okay on input line 21.
LaTeX Font Info:    Checking defaults for U/cmr/m/n on input line 21.
LaTeX Font Info:    ... okay on input line 21.
LaTeX Font Info:    Checking defaults for PD1/pdf/m/n on input line 21.
LaTeX Font Info:    ... okay on input line 21.

(/usr/share/texlive/texmf-dist/tex/context/base/mkii/supp-pdf.mkii
[Loading MPS to PDF converter (version 2006.09.02).]
\scratchcounter=\count98
\scratchdimen=\dimen109
\scratchbox=\box28
\nofMPsegments=\count99
\nofMParguments=\count100
\everyMPshowfont=\toks15
\MPscratchCnt=\count101
\MPscratchDim=\dimen110
\MPnumerator=\count102
\makeMPintoPDFobject=\count103
\everyMPtoPDFconversion=\toks16
) (/usr/share/texlive/texmf-dist/tex/latex/oberdiek/epstopdf-base.sty
Package: epstopdf-base 2016/05/15 v2.6 Base part for package epstopdf

(/usr/share/texlive/texmf-dist/tex/latex/oberdiek/grfext.sty
Package: grfext 2016/05/16 v1.2 Manage graphics extensions (HO)
)
Package epstopdf-base Info: Redefining graphics rule for `.eps' on input line 4
38.
Package grfext Info: Graphics extension search list:
(grfext)             [.pdf,.png,.jpg,.mps,.jpeg,.jbig2,.jb2,.PDF,.PNG,.JPG,.JPE
G,.JBIG2,.JB2,.eps]
(grfext)             \AppendGraphicsExtensions on input line 456.

(/usr/share/texlive/texmf-dist/tex/latex/latexconfig/epstopdf-sys.cfg
File: epstopdf-sys.cfg 2010/07/13 v1.3 Configuration of (r)epstopdf for TeX Liv
e
))
\AtBeginShipoutBox=\box29

(/usr/share/texlive/texmf-dist/tex/latex/graphics/color.sty
Package: color 2016/07/10 v1.1e Standard LaTeX Color (DPC)

(/usr/share/texlive/texmf-dist/tex/latex/graphics-cfg/color.cfg
File: color.cfg 2016/01/02 v1.6 sample color configuration
)
Package color Info: Driver file: pdftex.def on input line 147.
)
Package hyperref Info: Link coloring ON on input line 21.

(/usr/share/texlive/texmf-dist/tex/latex/hyperref/nameref.sty
Package: nameref 2016/05/21 v2.44 Cross-referencing by name of section

(/usr/share/texlive/texmf-dist/tex/generic/oberdiek/gettitlestring.sty
Package: gettitlestring 2016/05/16 v1.5 Cleanup title references (HO)
)
\c@section@level=\count104
)
LaTeX Info: Redefining \ref on input line 21.
LaTeX Info: Redefining \pageref on input line 21.
LaTeX Info: Redefining \nameref on input line 21.

(./Ubuntu-server-1804.out) (./Ubuntu-server-1804.out)
\@outlinefile=\write3
\openout3 = `Ubuntu-server-1804.out'.

LaTeX Font Info:    External font `cmex10' loaded for size
(Font)              <24.88> on input line 24.
LaTeX Font Info:    External font `cmex10' loaded for size
(Font)              <20.74> on input line 24.
LaTeX Font Info:    External font `cmex10' loaded for size
(Font)              <17.28> on input line 24.
LaTeX Font Info:    Try loading font information for OMS+cmss on input line 24.

LaTeX Font Info:    No file OMScmss.fd. on input line 24.


LaTeX Font Warning: Font shape `OMS/cmss/bx/n' undefined
(Font)              using `OMS/cmsy/m/n' instead
(Font)              for symbol `textasteriskcentered' on input line 24.

LaTeX Font Info:    External font `cmex10' loaded for size
(Font)              <12> on input line 24.
LaTeX Font Info:    Try loading font information for OMS+cmr on input line 24.
(/usr/share/texlive/texmf-dist/tex/latex/base/omscmr.fd
File: omscmr.fd 2014/09/29 v2.5h Standard LaTeX font definitions
)
LaTeX Font Info:    Font shape `OMS/cmr/m/n' in size <12> not available
(Font)              Font shape `OMS/cmsy/m/n' tried instead on input line 24.
LaTeX Font Info:    External font `cmex10' loaded for size
(Font)              <7> on input line 24.
LaTeX Font Info:    External font `cmex10' loaded for size
(Font)              <5> on input line 24.
LaTeX Font Info:    Font shape `OMS/cmr/m/n' in size <7> not available
(Font)              Font shape `OMS/cmsy/m/n' tried instead on input line 24.

Underfull \hbox (badness 10000) in paragraph at lines 26--27

 []


Overfull \hbox (1.73042pt too wide) in paragraph at lines 28--29
[]\OT1/cmr/bx/n/12 Keywords: \OT1/cmr/m/n/12 Ubuntu 18.04 (LTS) server, Vir-tua
l Box, In-stal-la-tion of server,
 []


Underfull \hbox (badness 10000) in paragraph at lines 35--36

 []

[1


{/var/lib/texmf/fonts/map/pdftex/updmap/pdftex.map}]

LaTeX Warning: File `images/image1.png' not found on input line 42.


! Package pdftex.def Error: File `images/image1.png' not found: using draft set
ting.

See the pdftex.def package documentation for explanation.
Type  H <return>  for immediate help.
 ...                                              
                                                  
l.42 ... height=0.5\textheight]{images/image1.png}
                                                  	%../../
Try typing  <return>  to proceed.
If that doesn't work, type  X <return>  to quit.


Underfull \hbox (badness 10000) in paragraph at lines 48--49

 []


Underfull \hbox (badness 10000) in paragraph at lines 50--51

 []

[2]

LaTeX Warning: File `images/image2.png' not found on input line 54.


! Package pdftex.def Error: File `images/image2.png' not found: using draft set
ting.

See the pdftex.def package documentation for explanation.
Type  H <return>  for immediate help.
 ...                                              
                                                  
l.54 ... height=0.5\textheight]{images/image2.png}
                                                  	%../../
Try typing  <return>  to proceed.
If that doesn't work, type  X <return>  to quit.


Overfull \hbox (44.9516pt too wide) in paragraph at lines 54--55
 [][] 
 []


Underfull \hbox (badness 10000) in paragraph at lines 59--60

 []


LaTeX Warning: File `images/image3.png' not found on input line 63.


! Package pdftex.def Error: File `images/image3.png' not found: using draft set
ting.

See the pdftex.def package documentation for explanation.
Type  H <return>  for immediate help.
 ...                                              
                                                  
l.63 ... height=0.5\textheight]{images/image3.png}
                                                  	%../../
Try typing  <return>  to proceed.
If that doesn't work, type  X <return>  to quit.


Overfull \hbox (44.9516pt too wide) in paragraph at lines 63--64
 [][] 
 []


Underfull \hbox (badness 10000) in paragraph at lines 68--69

 []


Underfull \hbox (badness 10000) in paragraph at lines 70--71

 []

[3] [4]
Underfull \hbox (badness 10000) in paragraph at lines 72--73

 []


LaTeX Warning: File `images/image4.png' not found on input line 78.


! Package pdftex.def Error: File `images/image4.png' not found: using draft set
ting.

See the pdftex.def package documentation for explanation.
Type  H <return>  for immediate help.
 ...                                              
                                                  
l.78 ... height=0.5\textheight]{images/image4.png}
                                                  	%../../
Try typing  <return>  to proceed.
If that doesn't work, type  X <return>  to quit.


Overfull \hbox (44.9516pt too wide) in paragraph at lines 78--79
 [][] 
 []


LaTeX Warning: File `images/image5.png' not found on input line 85.


! Package pdftex.def Error: File `images/image5.png' not found: using draft set
ting.

See the pdftex.def package documentation for explanation.
Type  H <return>  for immediate help.
 ...                                              
                                                  
l.85 ... height=0.5\textheight]{images/image5.png}
                                                  	%../../
Try typing  <return>  to proceed.
If that doesn't work, type  X <return>  to quit.


Overfull \hbox (44.9516pt too wide) in paragraph at lines 85--86
 [][] 
 []


LaTeX Warning: File `images/image6.png' not found on input line 92.


! Package pdftex.def Error: File `images/image6.png' not found: using draft set
ting.

See the pdftex.def package documentation for explanation.
Type  H <return>  for immediate help.
 ...                                              
                                                  
l.92 ... height=0.5\textheight]{images/image6.png}
                                                  	%../../
Try typing  <return>  to proceed.
If that doesn't work, type  X <return>  to quit.


Overfull \hbox (44.9516pt too wide) in paragraph at lines 92--93
 [][] 
 []


LaTeX Warning: File `images/image7.png' not found on input line 99.


! Package pdftex.def Error: File `images/image7.png' not found: using draft set
ting.

See the pdftex.def package documentation for explanation.
Type  H <return>  for immediate help.
 ...                                              
                                                  
l.99 ... height=0.5\textheight]{images/image7.png}
                                                  	%../../
Try typing  <return>  to proceed.
If that doesn't work, type  X <return>  to quit.


Overfull \hbox (44.9516pt too wide) in paragraph at lines 99--100
 [][] 
 []


LaTeX Warning: File `images/image8.png' not found on input line 106.


! Package pdftex.def Error: File `images/image8.png' not found: using draft set
ting.

See the pdftex.def package documentation for explanation.
Type  H <return>  for immediate help.
 ...                                              
                                                  
l.106 ...height=0.5\textheight]{images/image8.png}
                                                  	%../../
Try typing  <return>  to proceed.
If that doesn't work, type  X <return>  to quit.


Overfull \hbox (44.9516pt too wide) in paragraph at lines 106--107
 [][] 
 []


Underfull \hbox (badness 10000) in paragraph at lines 112--113

 []

[5] [6] [7] [8] [9]

LaTeX Warning: File `images/image9.png' not found on input line 118.


! Package pdftex.def Error: File `images/image9.png' not found: using draft set
ting.

See the pdftex.def package documentation for explanation.
Type  H <return>  for immediate help.
 ...                                              
                                                  
l.118 ...height=0.5\textheight]{images/image9.png}
                                                  	%../../
Try typing  <return>  to proceed.
If that doesn't work, type  X <return>  to quit.


Overfull \hbox (44.9516pt too wide) in paragraph at lines 118--119
 [][] 
 []


LaTeX Warning: File `images/image10.png' not found on input line 125.


! Package pdftex.def Error: File `images/image10.png' not found: using draft se
tting.

See the pdftex.def package documentation for explanation.
Type  H <return>  for immediate help.
 ...                                              
                                                  
l.125 ...eight=0.5\textheight]{images/image10.png}
                                                  	%../../
Try typing  <return>  to proceed.
If that doesn't work, type  X <return>  to quit.


Overfull \hbox (44.9516pt too wide) in paragraph at lines 125--126
 [][] 
 []


LaTeX Warning: File `images/image11.png' not found on input line 132.


! Package pdftex.def Error: File `images/image11.png' not found: using draft se
tting.

See the pdftex.def package documentation for explanation.
Type  H <return>  for immediate help.
 ...                                              
                                                  
l.132 ...eight=0.5\textheight]{images/image11.png}
                                                  	%../../
Try typing  <return>  to proceed.
If that doesn't work, type  X <return>  to quit.


Overfull \hbox (44.9516pt too wide) in paragraph at lines 132--133
 [][] 
 []


Underfull \hbox (badness 10000) in paragraph at lines 138--139

 []


LaTeX Warning: File `images/image12.png' not found on input line 142.


! Package pdftex.def Error: File `images/image12.png' not found: using draft se
tting.

See the pdftex.def package documentation for explanation.
Type  H <return>  for immediate help.
 ...                                              
                                                  
l.142 ...eight=0.5\textheight]{images/image12.png}
                                                  	%../../
Try typing  <return>  to proceed.
If that doesn't work, type  X <return>  to quit.


Overfull \hbox (44.9516pt too wide) in paragraph at lines 142--143
 [][] 
 []


Underfull \hbox (badness 10000) in paragraph at lines 147--148

 []


LaTeX Warning: File `images/image13.png' not found on input line 151.


! Package pdftex.def Error: File `images/image13.png' not found: using draft se
tting.

See the pdftex.def package documentation for explanation.
Type  H <return>  for immediate help.
 ...                                              
                                                  
l.151 ...eight=0.5\textheight]{images/image13.png}
                                                  	%../../
Try typing  <return>  to proceed.
If that doesn't work, type  X <return>  to quit.


Overfull \hbox (44.9516pt too wide) in paragraph at lines 151--152
 [][] 
 []


LaTeX Warning: File `images/image14.png' not found on input line 158.


! Package pdftex.def Error: File `images/image14.png' not found: using draft se
tting.

See the pdftex.def package documentation for explanation.
Type  H <return>  for immediate help.
 ...                                              
                                                  
l.158 ...eight=0.5\textheight]{images/image14.png}
                                                  	%../../
Try typing  <return>  to proceed.
If that doesn't work, type  X <return>  to quit.


Overfull \hbox (44.9516pt too wide) in paragraph at lines 158--159
 [][] 
 []


Underfull \hbox (badness 10000) in paragraph at lines 163--164

 []


LaTeX Warning: File `images/image15.png' not found on input line 167.


! Package pdftex.def Error: File `images/image15.png' not found: using draft se
tting.

See the pdftex.def package documentation for explanation.
Type  H <return>  for immediate help.
 ...                                              
                                                  
l.167 ...eight=0.5\textheight]{images/image15.png}
                                                  	%../../
Try typing  <return>  to proceed.
If that doesn't work, type  X <return>  to quit.


Overfull \hbox (44.9516pt too wide) in paragraph at lines 167--168
 [][] 
 []


Underfull \hbox (badness 10000) in paragraph at lines 172--173

 []

[10] [11] [12] [13] [14] [15] [16]

LaTeX Warning: File `images/image16.png' not found on input line 176.


! Package pdftex.def Error: File `images/image16.png' not found: using draft se
tting.

See the pdftex.def package documentation for explanation.
Type  H <return>  for immediate help.
 ...                                              
                                                  
l.176 ...eight=0.5\textheight]{images/image16.png}
                                                  	%../../
Try typing  <return>  to proceed.
If that doesn't work, type  X <return>  to quit.


Overfull \hbox (44.9516pt too wide) in paragraph at lines 176--177
 [][] 
 []


Underfull \hbox (badness 10000) in paragraph at lines 181--182

 []


LaTeX Warning: File `images/image17.png' not found on input line 185.


! Package pdftex.def Error: File `images/image17.png' not found: using draft se
tting.

See the pdftex.def package documentation for explanation.
Type  H <return>  for immediate help.
 ...                                              
                                                  
l.185 ...eight=0.5\textheight]{images/image17.png}
                                                  	%../../
Try typing  <return>  to proceed.
If that doesn't work, type  X <return>  to quit.


Overfull \hbox (44.9516pt too wide) in paragraph at lines 185--186
 [][] 
 []


Underfull \hbox (badness 10000) in paragraph at lines 190--191

 []


LaTeX Warning: File `images/image18.png' not found on input line 194.


! Package pdftex.def Error: File `images/image18.png' not found: using draft se
tting.

See the pdftex.def package documentation for explanation.
Type  H <return>  for immediate help.
 ...                                              
                                                  
l.194 ...eight=0.5\textheight]{images/image18.png}
                                                  	%../../
Try typing  <return>  to proceed.
If that doesn't work, type  X <return>  to quit.


Overfull \hbox (44.9516pt too wide) in paragraph at lines 194--195
 [][] 
 []


Underfull \hbox (badness 10000) in paragraph at lines 199--200

 []


LaTeX Warning: File `images/image19.png' not found on input line 203.


! Package pdftex.def Error: File `images/image19.png' not found: using draft se
tting.

See the pdftex.def package documentation for explanation.
Type  H <return>  for immediate help.
 ...                                              
                                                  
l.203 ...eight=0.5\textheight]{images/image19.png}
                                                  	%../../
Try typing  <return>  to proceed.
If that doesn't work, type  X <return>  to quit.


Overfull \hbox (44.9516pt too wide) in paragraph at lines 203--204
 [][] 
 []


Underfull \hbox (badness 10000) in paragraph at lines 208--209

 []


LaTeX Warning: File `images/image20.png' not found on input line 212.


! Package pdftex.def Error: File `images/image20.png' not found: using draft se
tting.

See the pdftex.def package documentation for explanation.
Type  H <return>  for immediate help.
 ...                                              
                                                  
l.212 ...eight=0.5\textheight]{images/image20.png}
                                                  	%../../
Try typing  <return>  to proceed.
If that doesn't work, type  X <return>  to quit.


Overfull \hbox (44.9516pt too wide) in paragraph at lines 212--213
 [][] 
 []


Underfull \hbox (badness 10000) in paragraph at lines 217--218

 []


LaTeX Warning: File `images/image21.png' not found on input line 221.


! Package pdftex.def Error: File `images/image21.png' not found: using draft se
tting.

See the pdftex.def package documentation for explanation.
Type  H <return>  for immediate help.
 ...                                              
                                                  
l.221 ...eight=0.5\textheight]{images/image21.png}
                                                  	%../../
Try typing  <return>  to proceed.
If that doesn't work, type  X <return>  to quit.


Overfull \hbox (44.9516pt too wide) in paragraph at lines 221--222
 [][] 
 []


Underfull \hbox (badness 10000) in paragraph at lines 226--227

 []

[17] [18] [19] [20] [21] [22]

LaTeX Warning: File `images/image22.png' not found on input line 230.


! Package pdftex.def Error: File `images/image22.png' not found: using draft se
tting.

See the pdftex.def package documentation for explanation.
Type  H <return>  for immediate help.
 ...                                              
                                                  
l.230 ...eight=0.5\textheight]{images/image22.png}
                                                  	%../../
Try typing  <return>  to proceed.
If that doesn't work, type  X <return>  to quit.


Overfull \hbox (44.9516pt too wide) in paragraph at lines 230--231
 [][] 
 []


LaTeX Warning: File `images/image23.png' not found on input line 239.


! Package pdftex.def Error: File `images/image23.png' not found: using draft se
tting.

See the pdftex.def package documentation for explanation.
Type  H <return>  for immediate help.
 ...                                              
                                                  
l.239 ...eight=0.5\textheight]{images/image23.png}
                                                  	%../../
Try typing  <return>  to proceed.
If that doesn't work, type  X <return>  to quit.


Overfull \hbox (44.9516pt too wide) in paragraph at lines 239--240
 [][] 
 []


LaTeX Warning: File `images/image24.png' not found on input line 246.


! Package pdftex.def Error: File `images/image24.png' not found: using draft se
tting.

See the pdftex.def package documentation for explanation.
Type  H <return>  for immediate help.
 ...                                              
                                                  
l.246 ...eight=0.5\textheight]{images/image24.png}
                                                  	%../../
Try typing  <return>  to proceed.
If that doesn't work, type  X <return>  to quit.


Overfull \hbox (44.9516pt too wide) in paragraph at lines 246--247
 [][] 
 []


LaTeX Warning: File `images/image25.png' not found on input line 253.


! Package pdftex.def Error: File `images/image25.png' not found: using draft se
tting.

See the pdftex.def package documentation for explanation.
Type  H <return>  for immediate help.
 ...                                              
                                                  
l.253 ...eight=0.5\textheight]{images/image25.png}
                                                  	%../../
Try typing  <return>  to proceed.
If that doesn't work, type  X <return>  to quit.


Overfull \hbox (44.9516pt too wide) in paragraph at lines 253--254
 [][] 
 []


LaTeX Warning: File `images/image26.png' not found on input line 260.


! Package pdftex.def Error: File `images/image26.png' not found: using draft se
tting.

See the pdftex.def package documentation for explanation.
Type  H <return>  for immediate help.
 ...                                              
                                                  
l.260 ...eight=0.5\textheight]{images/image26.png}
                                                  	%../../
Try typing  <return>  to proceed.
If that doesn't work, type  X <return>  to quit.


Overfull \hbox (44.9516pt too wide) in paragraph at lines 260--261
 [][] 
 []


LaTeX Warning: File `images/image27.png' not found on input line 267.


! Package pdftex.def Error: File `images/image27.png' not found: using draft se
tting.

See the pdftex.def package documentation for explanation.
Type  H <return>  for immediate help.
 ...                                              
                                                  
l.267 ...eight=0.5\textheight]{images/image27.png}
                                                  	%../../
Try typing  <return>  to proceed.
If that doesn't work, type  X <return>  to quit.


Overfull \hbox (44.9516pt too wide) in paragraph at lines 267--268
 [][] 
 []


Underfull \hbox (badness 10000) in paragraph at lines 272--273

 []


LaTeX Warning: File `images/image28.png' not found on input line 276.


! Package pdftex.def Error: File `images/image28.png' not found: using draft se
tting.

See the pdftex.def package documentation for explanation.
Type  H <return>  for immediate help.
 ...                                              
                                                  
l.276 ...eight=0.5\textheight]{images/image28.png}
                                                  	%../../
Try typing  <return>  to proceed.
If that doesn't work, type  X <return>  to quit.


Overfull \hbox (44.9516pt too wide) in paragraph at lines 276--277
 [][] 
 []


Underfull \hbox (badness 10000) in paragraph at lines 281--282

 []


LaTeX Warning: File `images/image29.png' not found on input line 285.


! Package pdftex.def Error: File `images/image29.png' not found: using draft se
tting.

See the pdftex.def package documentation for explanation.
Type  H <return>  for immediate help.
 ...                                              
                                                  
l.285 ...eight=0.5\textheight]{images/image29.png}
                                                  	%../../
Try typing  <return>  to proceed.
If that doesn't work, type  X <return>  to quit.


Overfull \hbox (44.9516pt too wide) in paragraph at lines 285--286
 [][] 
 []


Underfull \hbox (badness 10000) in paragraph at lines 290--291

 []


LaTeX Warning: File `images/image30.png' not found on input line 294.


! Package pdftex.def Error: File `images/image30.png' not found: using draft se
tting.

See the pdftex.def package documentation for explanation.
Type  H <return>  for immediate help.
 ...                                              
                                                  
l.294 ...eight=0.5\textheight]{images/image30.png}
                                                  	%../../
Try typing  <return>  to proceed.
If that doesn't work, type  X <return>  to quit.


Overfull \hbox (44.9516pt too wide) in paragraph at lines 294--295
 [][] 
 []

[23] [24] [25] [26] [27] [28] [29] [30] [31]

LaTeX Warning: File `images/image31.png' not found on input line 303.


! Package pdftex.def Error: File `images/image31.png' not found: using draft se
tting.

See the pdftex.def package documentation for explanation.
Type  H <return>  for immediate help.
 ...                                              
                                                  
l.303 ...eight=0.5\textheight]{images/image31.png}
                                                  	%../../
Try typing  <return>  to proceed.
If that doesn't work, type  X <return>  to quit.


Overfull \hbox (44.9516pt too wide) in paragraph at lines 303--304
 [][] 
 []


Underfull \hbox (badness 10000) in paragraph at lines 308--309

 []


LaTeX Warning: File `images/image32.png' not found on input line 312.


! Package pdftex.def Error: File `images/image32.png' not found: using draft se
tting.

See the pdftex.def package documentation for explanation.
Type  H <return>  for immediate help.
 ...                                              
                                                  
l.312 ...eight=0.5\textheight]{images/image32.png}
                                                  	%../../
Try typing  <return>  to proceed.
If that doesn't work, type  X <return>  to quit.


Overfull \hbox (44.9516pt too wide) in paragraph at lines 312--313
 [][] 
 []


Underfull \hbox (badness 10000) in paragraph at lines 317--318

 []


LaTeX Warning: File `images/image33.png' not found on input line 321.


! Package pdftex.def Error: File `images/image33.png' not found: using draft se
tting.

See the pdftex.def package documentation for explanation.
Type  H <return>  for immediate help.
 ...                                              
                                                  
l.321 ...eight=0.5\textheight]{images/image33.png}
                                                  	%../../
Try typing  <return>  to proceed.
If that doesn't work, type  X <return>  to quit.


Overfull \hbox (44.9516pt too wide) in paragraph at lines 321--322
 [][] 
 []


LaTeX Warning: File `images/image34.png' not found on input line 328.


! Package pdftex.def Error: File `images/image34.png' not found: using draft se
tting.

See the pdftex.def package documentation for explanation.
Type  H <return>  for immediate help.
 ...                                              
                                                  
l.328 ...eight=0.5\textheight]{images/image34.png}
                                                  	%../../
Try typing  <return>  to proceed.
If that doesn't work, type  X <return>  to quit.


Overfull \hbox (44.9516pt too wide) in paragraph at lines 328--329
 [][] 
 []


LaTeX Warning: File `images/image35.png' not found on input line 335.


! Package pdftex.def Error: File `images/image35.png' not found: using draft se
tting.

See the pdftex.def package documentation for explanation.
Type  H <return>  for immediate help.
 ...                                              
                                                  
l.335 ...eight=0.5\textheight]{images/image35.png}
                                                  	%../../
Try typing  <return>  to proceed.
If that doesn't work, type  X <return>  to quit.


Overfull \hbox (44.9516pt too wide) in paragraph at lines 335--336
 [][] 
 []


Underfull \hbox (badness 10000) in paragraph at lines 340--341

 []


LaTeX Warning: File `images/image36.png' not found on input line 345.


! Package pdftex.def Error: File `images/image36.png' not found: using draft se
tting.

See the pdftex.def package documentation for explanation.
Type  H <return>  for immediate help.
 ...                                              
                                                  
l.345 ...eight=0.5\textheight]{images/image36.png}
                                                  	%../../
Try typing  <return>  to proceed.
If that doesn't work, type  X <return>  to quit.


Overfull \hbox (44.9516pt too wide) in paragraph at lines 345--346
 [][] 
 []


LaTeX Warning: File `images/image37.png' not found on input line 352.


! Package pdftex.def Error: File `images/image37.png' not found: using draft se
tting.

See the pdftex.def package documentation for explanation.
Type  H <return>  for immediate help.
 ...                                              
                                                  
l.352 ...eight=0.5\textheight]{images/image37.png}
                                                  	%../../
Try typing  <return>  to proceed.
If that doesn't work, type  X <return>  to quit.


Overfull \hbox (44.9516pt too wide) in paragraph at lines 352--353
 [][] 
 []


LaTeX Warning: File `images/image38.png' not found on input line 359.


! Package pdftex.def Error: File `images/image38.png' not found: using draft se
tting.

See the pdftex.def package documentation for explanation.
Type  H <return>  for immediate help.
 ...                                              
                                                  
l.359 ...eight=0.5\textheight]{images/image38.png}
                                                  	%../../
Try typing  <return>  to proceed.
If that doesn't work, type  X <return>  to quit.


Overfull \hbox (44.9516pt too wide) in paragraph at lines 359--360
 [][] 
 []


LaTeX Warning: File `images/image39.png' not found on input line 366.


! Package pdftex.def Error: File `images/image39.png' not found: using draft se
tting.

See the pdftex.def package documentation for explanation.
Type  H <return>  for immediate help.
 ...                                              
                                                  
l.366 ...eight=0.5\textheight]{images/image39.png}
                                                  	%../../
Try typing  <return>  to proceed.
If that doesn't work, type  X <return>  to quit.


Overfull \hbox (44.9516pt too wide) in paragraph at lines 366--367
 [][] 
 []


LaTeX Warning: File `images/image40.png' not found on input line 373.


! Package pdftex.def Error: File `images/image40.png' not found: using draft se
tting.

See the pdftex.def package documentation for explanation.
Type  H <return>  for immediate help.
 ...                                              
                                                  
l.373 ...eight=0.5\textheight]{images/image40.png}
                                                  	%../../
Try typing  <return>  to proceed.
If that doesn't work, type  X <return>  to quit.


Overfull \hbox (44.9516pt too wide) in paragraph at lines 373--374
 [][] 
 []


Underfull \hbox (badness 10000) in paragraph at lines 378--379

 []

[32] [33] [34] [35] [36] [37] [38] [39] [40] [41]
Overfull \hbox (4.18333pt too wide) in paragraph at lines 380--381
\OT1/cmr/m/n/12 You are now us-ing ter-mi-nal of Ubuntu 18.04 as server. It wil
l show user-name@servername.
 []


Underfull \hbox (badness 10000) in paragraph at lines 380--381

 []


LaTeX Warning: File `images/image41.png' not found on input line 384.


! Package pdftex.def Error: File `images/image41.png' not found: using draft se
tting.

See the pdftex.def package documentation for explanation.
Type  H <return>  for immediate help.
 ...                                              
                                                  
l.384 ...eight=0.5\textheight]{images/image41.png}
                                                  	%../../
Try typing  <return>  to proceed.
If that doesn't work, type  X <return>  to quit.


Overfull \hbox (44.9516pt too wide) in paragraph at lines 384--385
 [][] 
 []


LaTeX Warning: File `images/image42.png' not found on input line 396.


! Package pdftex.def Error: File `images/image42.png' not found: using draft se
tting.

See the pdftex.def package documentation for explanation.
Type  H <return>  for immediate help.
 ...                                              
                                                  
l.396 ...eight=0.5\textheight]{images/image42.png}
                                                  	%../../
Try typing  <return>  to proceed.
If that doesn't work, type  X <return>  to quit.


Overfull \hbox (44.9516pt too wide) in paragraph at lines 396--397
 [][] 
 []


LaTeX Warning: File `images/image43.png' not found on input line 403.


! Package pdftex.def Error: File `images/image43.png' not found: using draft se
tting.

See the pdftex.def package documentation for explanation.
Type  H <return>  for immediate help.
 ...                                              
                                                  
l.403 ...eight=0.5\textheight]{images/image43.png}
                                                  	%../../
Try typing  <return>  to proceed.
If that doesn't work, type  X <return>  to quit.


Overfull \hbox (44.9516pt too wide) in paragraph at lines 403--404
 [][] 
 []


LaTeX Warning: File `images/image44.png' not found on input line 410.


! Package pdftex.def Error: File `images/image44.png' not found: using draft se
tting.

See the pdftex.def package documentation for explanation.
Type  H <return>  for immediate help.
 ...                                              
                                                  
l.410 ...eight=0.5\textheight]{images/image44.png}
                                                  	%../../
Try typing  <return>  to proceed.
If that doesn't work, type  X <return>  to quit.


Overfull \hbox (44.9516pt too wide) in paragraph at lines 410--411
 [][] 
 []


LaTeX Warning: File `images/image45.png' not found on input line 417.


! Package pdftex.def Error: File `images/image45.png' not found: using draft se
tting.

See the pdftex.def package documentation for explanation.
Type  H <return>  for immediate help.
 ...                                              
                                                  
l.417 ...eight=0.5\textheight]{images/image45.png}
                                                  	%../../
Try typing  <return>  to proceed.
If that doesn't work, type  X <return>  to quit.


Overfull \hbox (44.9516pt too wide) in paragraph at lines 417--418
 [][] 
 []


Underfull \hbox (badness 10000) in paragraph at lines 418--418
[][][]\OT1/cmr/m/n/12 Click on delet-ing all files, to delete all his-tory as w
ell as
 []


LaTeX Warning: File `images/image46.png' not found on input line 424.


! Package pdftex.def Error: File `images/image46.png' not found: using draft se
tting.

See the pdftex.def package documentation for explanation.
Type  H <return>  for immediate help.
 ...                                              
                                                  
l.424 ...eight=0.5\textheight]{images/image46.png}
                                                  	%../../
Try typing  <return>  to proceed.
If that doesn't work, type  X <return>  to quit.


Overfull \hbox (44.9516pt too wide) in paragraph at lines 424--425
 [][] 
 []

[42] [43] [44] [45] [46] [47]
Package atveryend Info: Empty hook `BeforeClearDocument' on input line 432.
 [48]
Package atveryend Info: Empty hook `AfterLastShipout' on input line 432.
 (./Ubuntu-server-1804.aux)
Package atveryend Info: Executing hook `AtVeryEndDocument' on input line 432.
Package atveryend Info: Executing hook `AtEndAfterFileList' on input line 432.
Package rerunfilecheck Info: File `Ubuntu-server-1804.out' has not changed.
(rerunfilecheck)             Checksum: C4E4F363E225A9554C8CF478379C9337;565.


LaTeX Font Warning: Some font shapes were not available, defaults substituted.

Package atveryend Info: Empty hook `AtVeryVeryEnd' on input line 432.
 ) 
Here is how much of TeX's memory you used:
 7197 strings out of 492990
 116527 string characters out of 6135005
 290086 words of memory out of 5000000
 10575 multiletter control sequences out of 15000+600000
 9548 words of font info for 34 fonts, out of 8000000 for 9000
 1141 hyphenation exceptions out of 8191
 41i,12n,51p,8829b,342s stack positions out of 5000i,500n,10000p,200000b,80000s
</usr/share/texlive/texmf-dist/fonts/type1/public/amsfonts/cm/cmbx12.pfb></us
r/share/texlive/texmf-dist/fonts/type1/public/amsfonts/cm/cmr10.pfb></usr/share
/texlive/texmf-dist/fonts/type1/public/amsfonts/cm/cmr12.pfb></usr/share/texliv
e/texmf-dist/fonts/type1/public/amsfonts/cm/cmr17.pfb></usr/share/texlive/texmf
-dist/fonts/type1/public/amsfonts/cm/cmssbx10.pfb></usr/share/texlive/texmf-dis
t/fonts/type1/public/amsfonts/cm/cmsy10.pfb></usr/share/texlive/texmf-dist/font
s/type1/public/amsfonts/cm/cmsy7.pfb></usr/share/texlive/texmf-dist/fonts/type1
/public/amsfonts/cm/cmtt12.pfb>
Output written on Ubuntu-server-1804.pdf (48 pages, 128826 bytes).
PDF statistics:
 349 PDF objects out of 1000 (max. 8388607)
 288 compressed objects within 3 object streams
 103 named destinations out of 1000 (max. 500000)
 65 words of extra memory for PDF output out of 10000 (max. 10000000)

